<?xml version="1.0" encoding="UTF-8"?>
<!-- Generated by org.testng.reporters.JUnitXMLReporter -->
<testsuite ignored="0" hostname="Swarna" failures="1" tests="4" name="PetUserTest" time="11.879" errors="0" timestamp="2023-12-30T15:25:31 IST">
  <testcase classname="api.petstore.tests.UserTestsUsingEndPointsFromProp" name="postUserDetails" time="4.688">
    <failure type="java.lang.AssertionError" message="expected [250] but found [200]">
      <![CDATA[java.lang.AssertionError: expected [250] but found [200]
at api.petstore.tests.UserTestsUsingEndPointsFromProp.postUserDetails(UserTestsUsingEndPointsFromProp.java:42)
at java.base/java.util.ArrayList.forEach(ArrayList.java:1511)
... Removed 34 stack frames]]>
    </failure>
  </testcase> <!-- postUserDetails -->
  <testcase classname="api.petstore.tests.UserTestsUsingEndPointsFromProp" name="getUserByName" time="1.248"/>
  <testcase classname="api.petstore.tests.UserTestsUsingEndPointsFromProp" name="updateUserByName" time="2.473"/>
  <testcase classname="api.petstore.tests.UserTestsUsingEndPointsFromProp" name="deleteUserByName" time="1.174"/>
</testsuite> <!-- PetUserTest -->
